<?xml version="1.0" encoding="UTF-8"?>
<!-- Generated by org.testng.reporters.JUnitXMLReporter -->
<testsuite ignored="0" hostname="LTIN514052" failures="0" tests="6" name="Default test" time="35.879" errors="0" timestamp="2024-05-29T16:35:26 IST">
  <testcase classname="miniProject.Main" name="launchingApplication" time="4.999"/>
  <testcase classname="miniProject.Main" name="maximizeApplication" time="1.616"/>
  <testcase classname="miniProject.Main" name="searchItem" time="6.13"/>
  <testcase classname="miniProject.Main" name="validation" time="2.718"/>
  <testcase classname="miniProject.Main" name="selectDropdown" time="1.327"/>
  <testcase classname="miniProject.Main" name="writingExcel" time="0.128"/>
</testsuite> <!-- Default test -->
