<?xml version="1.0" encoding="UTF-8"?>
<!-- Generated by org.testng.reporters.JUnitXMLReporter -->
<testsuite ignored="0" hostname="LTIN514052" failures="0" tests="6" name="Test" time="28.047" errors="0" timestamp="2024-07-05T12:51:09 IST">
  <testcase classname="miniProject.Main" name="launchingApplication" time="3.371"/>
  <testcase classname="miniProject.Main" name="maximizeApplication" time="1.417"/>
  <testcase classname="miniProject.Main" name="searchItem" time="3.454"/>
  <testcase classname="miniProject.Main" name="validation" time="1.23"/>
  <testcase classname="miniProject.Main" name="selectDropdown" time="1.378"/>
  <testcase classname="miniProject.Main" name="writingExcel" time="0.122"/>
</testsuite> <!-- Test -->
