<?xml version="1.0" encoding="UTF-8"?>
<testng-results ignored="0" total="6" passed="6" failed="0" skipped="0">
  <reporter-output>
  </reporter-output>
  <suite started-at="2024-07-05T12:50:40 IST" name="Suite" finished-at="2024-07-05T12:51:08 IST" duration-ms="28047">
    <groups>
    </groups>
    <test started-at="2024-07-05T12:50:40 IST" name="Test" finished-at="2024-07-05T12:51:08 IST" duration-ms="28047">
      <class name="miniProject.Main">
        <test-method is-config="true" signature="Beforeclass()[pri:0, instance:miniProject.Main@13fd2ccd]" started-at="2024-07-05T12:50:41 IST" name="Beforeclass" finished-at="2024-07-05T12:50:54 IST" duration-ms="13135" status="PASS">
          <reporter-output>
          </reporter-output>
        </test-method> <!-- Beforeclass -->
        <test-method signature="launchingApplication()[pri:1, instance:miniProject.Main@13fd2ccd]" started-at="2024-07-05T12:50:54 IST" name="launchingApplication" finished-at="2024-07-05T12:50:57 IST" duration-ms="3371" status="PASS">
          <reporter-output>
          </reporter-output>
        </test-method> <!-- launchingApplication -->
        <test-method signature="maximizeApplication()[pri:2, instance:miniProject.Main@13fd2ccd]" started-at="2024-07-05T12:50:57 IST" name="maximizeApplication" finished-at="2024-07-05T12:50:58 IST" duration-ms="1417" status="PASS">
          <reporter-output>
          </reporter-output>
        </test-method> <!-- maximizeApplication -->
        <test-method signature="searchItem()[pri:3, instance:miniProject.Main@13fd2ccd]" started-at="2024-07-05T12:50:58 IST" name="searchItem" finished-at="2024-07-05T12:51:02 IST" duration-ms="3454" status="PASS">
          <reporter-output>
          </reporter-output>
        </test-method> <!-- searchItem -->
        <test-method signature="validation()[pri:4, instance:miniProject.Main@13fd2ccd]" started-at="2024-07-05T12:51:02 IST" name="validation" finished-at="2024-07-05T12:51:03 IST" duration-ms="1230" status="PASS">
          <reporter-output>
          </reporter-output>
        </test-method> <!-- validation -->
        <test-method signature="selectDropdown()[pri:5, instance:miniProject.Main@13fd2ccd]" started-at="2024-07-05T12:51:03 IST" name="selectDropdown" finished-at="2024-07-05T12:51:05 IST" duration-ms="1378" status="PASS">
          <reporter-output>
          </reporter-output>
        </test-method> <!-- selectDropdown -->
        <test-method signature="writingExcel()[pri:6, instance:miniProject.Main@13fd2ccd]" started-at="2024-07-05T12:51:05 IST" name="writingExcel" finished-at="2024-07-05T12:51:05 IST" duration-ms="122" status="PASS">
          <reporter-output>
          </reporter-output>
        </test-method> <!-- writingExcel -->
        <test-method is-config="true" signature="afterclass()[pri:0, instance:miniProject.Main@13fd2ccd]" started-at="2024-07-05T12:51:05 IST" name="afterclass" finished-at="2024-07-05T12:51:08 IST" duration-ms="3670" status="PASS">
          <reporter-output>
          </reporter-output>
        </test-method> <!-- afterclass -->
      </class> <!-- miniProject.Main -->
    </test> <!-- Test -->
  </suite> <!-- Suite -->
</testng-results>
